[    0.00000] Linux version 4.15.0-48-generic (buildd@lgw01-amd64-036) (gcc version7..0 (Ubtu 7.3.0-16ubuntu3))#51-Ubuntu SMP Wed Apr 3 028:49 UTC 2019Ubuntu 4..0-48.51-generic 4.15.18)
[  0.000000] Commndline: BOOT_IMAGE=/boo/vmlinuz-4.15.0-48-generic root=LABEL=cloudimg-rootfs ro console=tty1 console=ttyS0
[    0.000000] KERNEL supported cpus:
[    0.000000]   Intel GenuineIntel
[    0.000000]   AMD AuthenticAMD
[    0.000000]   Centaur CentaurHauls
[    0.000000] x86/fpu: Supporting XSAVE feature 0x001: 'x87 floating point registers'
[    0.000000] x86/fpu: Supporting XSAVE feature 0x002: 'SSE registers'
[    0.000000] x86/fpu: Supporting XSAVE feature 0x004: 'AVX registers'
[    0.000000] x86/fpu: xstate_offset[2]:  576, xstate_sizes[2]:  256
[    0.000000] x86/fpu: Enabled xstate features 0x7, context size is 832 bytes, using 'standard' format.
[    0.00000 e820:IOS-provided physical RAM map
[   .000000BIOS-e820:mem 0x000000000000000-0x000000000009fbff] usable
[    0.000000] BIOS-e820: [mem 0x000000000009fc00-0x000000000009ffff] reserved
[    0.000000] BIOS-e820: [mem 0x00000000000f0000-0x00000000000fffff] reserved
[    0.000000] BIOS-e820: [mem 0x0000000000100000-0x000000003ffeffff] usable
[    0.000000] BIOS-e820: [mem 0x000000003fff0000-0x000000003fffffff] ACPI data
[    0.000000] BIOS-e820: [mem 0x00000000fec00000-0x00000000fec00fff] reserved
[    0.000000] BIOS-e820: [mem 0x00000000fee00000-0x00000000fee0fff] rerved
[    0.000000] BIOS-e820: [mem 0x00000000fffc0000-0x00000000ffffffff] reserved
[    0.000000] NX (Execute Disable) protection: active
[    0.000000] SMBIOS 2.5 present.
[    0.000000] DMI: inoek GmbH ViralBox/irualBox, BIS irtualBox 12/02006
[    0.00000] Hyprvsor detectd:KVM
[    0.000000] e820: last_pfn = 0x3fff0 max_arch_pfn = 0x400000000
[    0.000000] MTRR: Disabled
[    0.000000] x86/PAT: MTRRs disabled, skipping PAT initialization too.
[    0.000000] CPU MTRRs all blank - virtualized system.
[    0.000000] x86/PAT: Configuration [0-7]: WB  WT  UC- UC  WB  WT  UC- UC  
[    0.000000] found SMP MP-table at [mem 0x0009fff0-0x0009ffff] mapped at [        (ptrval)]
[    000000] Scanning 1 areas for low memory corruption
[    0.000000] RAMDISK: [mem 0x359c7000-0x36cdafff]
[[    0.000000] ACPI: Early table checksum verification disabled
[    0.000000] ACPI: RSDP 0x00000000000E0000 000024 (v02 VBOX  )
[    0.000000] ACPI: XSDT 0x000000003FFF0030 00003C (v01 VBOX   VBOXXSDT 00000001 ASL  00000061)
[    0.000000] ACPI: FACP 0x000000003FFF00F0 0000F4 (v04 VBOX   VBOXFACP 00000001 ASL  00000061)
[    0.000000] ACPI: DSDT 0x000000003FFF0470 0021FF (v02 VBOX   VBOXBIOS 00000002 INTL 20100528)
[    0.000000] ACPI: FACS 0x000000003FFF0200 000040
[    0.000000] ACPI: FACS 0x000000003FFF0200 000040
[    0.000000] ACPI: APIC 0x000000003FFF0240 00005C (v02 VBOX   VBOXAPIC 00000001 ASL  00000061)
[    0.000000] ACPI: SSDT 0x000000003FFF02A0 0001CC (v01 VBOX   VBOXCPUT 00000002 INTL 20100528)
[    0.000000] No NUMA configuration found
[    0.000000] Faking a node at [mem 0x0000000000000000-0x000000003ffeffff]
[    0.000000] NODE_DATA(0) allocated [mem 0x3ffc5000-0x3ffeffff]
[    0.000000] kvm-clock: cpu 0, msr 0:3ff44001, riary u cloc
[    0.000000] kvm-clock: Using msrs 4b564d01 and 4b564d00
[    0.000000] kvm-clock: using sched offset of 4870659757 cycles
[    0.000000] clocksource: kvm-clock: mask: 0xffffffffffffffff max_cycles: 0xcd2e4dffb, max_idle_ns: 881590591483 ns
[    0.000000] Zone ranges:
[    0.000000]   DMA      [mem 0x0000000000001000-0x0000000000ffffff]
[    0.000000]   DMA32    em 0x000000000100000-0x0000003ffeffff]
[    0.000000]   Normal   empty
[    0.000000]   Device   empty
[    0.000000] Movable zone start for each node
[    0.000000] Early memory node ranges
[    0.000000]   node   0: [mem 0x0000000000001000-0x000000000009efff]
[    0.000000]   node   0: [mem 0x0000000000100000-0x000000003ffeffff]
[    0.000000] Reserved but unavailable: 114 pages
[    0.0000] Initm setup node [mem 0x000000000001000-0x0000003ffeffff]
[   0.00000] ACPI: P-Timer IO Port: 0x4008
[    0.000000] IOAPIC[0]: apic_id 2, version 32, address 0xfec00000, GSI 0-23
[    0.000000] ACPI: INT_SRC_OVR (bus 0 bus_irq 0 global_irq 2 dfl dfl)
[    0.000000] ACPI: INT_SRC_OVR (bus 0 bus_irq 9 global_irq 9 low level)
[    0.000000] Using ACPI (MADT) for SMP configuration information
[    0.000000] smpboot: Allowing 2 CPUs, 0 hotplug CPUs
[    0.000000] PM: Registered nosave memory: [mem 0x00000000-0x00000fff][    0.0000] PM: Regitere nosave memory: [mem 0x0009f000-0x0009ffff]
[    0.000000] PM: Registered nosave memory: [mem 0x000a0000-0x000effff]
[    0.000000] PM: Registered nosave memory: [me 0x000f000-x000fff]
[    0.000000] e820: [mem 0x40000000-0xfebfffff] available for PCI devices
[    0.000000] Booting paravirtualizedkenel on KV
[    0.000000] clocksouce: refined-jiffies: mask: 0xffffffff max_cycles: 0xffffffff, max_idle_ns: 7645519600211568 ns
[    0.000000] random: get_random_bytes called from start_kernel+0x99/0x4fd with crng_init=0
[    0.000000] setup_percpu: NR_CPUS:8192 nr_cpumask_bits:2 nr_cpu_ids:2 nr_node_ids:1
[    0.000000]pecpu: Eedded  pages/cpu @        (ptrval) s151552 r8192 d28672 u1048576
[    0.000000] PV qspinlock hash table entries: 256 (order: 0, 4096 bytes)
[    0.000000] Built 1 zonelists, mobility grouping on.  Total pages: 257913
[    0.000000] Policy zone: DMA32
[    0.000000] Kernel command line: BOOT_IMAGE=/boot/vmlinuz-4.15.0-48-generic root=LABEL=cloudimg-rootfs ro console=tty1 console=ttyS0
[    0.000000] Memory: 983048K/1048120K available (12300K kernel ode, 23K rwdata, 4276K odta, 24K init, 2416K bss, 65072Kreserv, 0K cma-reserved)
[    000000] SLUB: HWalign=64, Order=0-3, MinObjects=0, CPUs=2, Nodes=1
[    0.000000] Kernel/User page tables isolation: enabled
[    0.000000] ftrace: allocating 39226 entries in 154 pages
[    0.004000] Hierarchical RCU implementation.
[    0.004000] 	RCU restricting CPUs from NR_CPUS=8192 to nr_cpu_ids=2.
[    0.004000] 	Tasks RCU enabled.
[    0.004000] RCU: Adjusting geometry for rcu_fanout_leaf=16, nr_cpu_ids=2
[    0.004000] NR_IRQS: 524544, nr_irqs: 440, preallocated irqs: 16
[    0.004000] Console: colour VGA+ 80x25
[    0.004000] console [tty1] enabled
[    0.004000] console [ttyS0] enabled
[    0.004000] ACPI: Core revision 20170831
[    0.004000] ACPI: 2 ACPI AML tables successfully acquired and loaded
[    0.004000] APIC: Switch to symmetric I/O mode setup
[    0.004000] x2apic enabled
[    0.004040] Switched APIC routing to physical x2apic.
[    0.012424] ..TIMER: vector=0x30 apic1=0 pin1=2 apic2=-1 pin2=-1
[    0.016003] tsc: Detected 3312.000 MHz processor
[    0.020039] Calibrating delay loop (skipped) preset value.. 6624.00 BogoMIPS (lpj=13248000)
[    0.024005] pid_max: default: 32768 minimum: 301
[    0.026562] Security Framework initialized
[    0.028004] Yama: becoming mindful.
[    0.029931] AppArmor: AppArmor initialized
[    0.033516] Dentry cache hash table entries: 131072 (order: 8, 1048576 bytes)
[    0.036064] Inode-cache hash table entries: 65536 (order: 7, 524288 bytes)
[    0.040019] Mount-cache hash table entries: 2048 (order: 2, 16384 bytes)
[    0.044005] Mountpoint-cache hash table entries: 2048 (order: 2, 16384 bytes)
[    0.046303] mce: CPU supports 0 MCE banks
[    0.048016] Last level iTLB entries: 4KB 64, 2MB 8, 4MB 8
[    0.052002] Last level dTLB entries: 4KB 64, 2MB 0, 4MB 0, 1GB 4
[    0.056003] Spectre V2 : Mitigation: Full generic retpoline
[    0.060002] Spectre V2 : Spectre v2 / SpectreRSB mitigation: Filling RSB on context switch
[    0.064002] Speculative Store Bypass: Vulnerable
[    0.068081] Freeing SMP alternatives memory: 36K
[    0.076000] smpboot: CPU0: Intel(R) Core(TM) i7-6567UCP @ 3.30GHz (family: 0x6, model: 0x4e, stepping: 0x3)
[    0.076078] Performance Events: unsupported p6 CPU model 78 no PMU driver, software events only.
[    0.080055] Hierarchical SRCU implementation.
[    0.084631] NMI watchdog: Perf event create on CPU 0 failed with -2
[    0.088002] NMI watchdog: Perf NMI watchdog permanently disabled
[    0.092048] smp: Bringing up secondary CPUs ...
[    0.096078] x86: Booting SMP configuration:
[    0.100002] .... node  #0, CPUs:      #1
[    0.004000] kvm-clock: cpu 1, msr 0:3ff44041, secondary cpu clock
[    0.004000] mce: CPU supports 0 MCE banks
[    0.106017] smp: Brought up 1 node, 2 CPUs
[    0.108006] smpboot: Max logical packages: 1
[    0.112004] smpboot: Total of 2 processors activated (13248.00 BogoMIPS)
[    0.116136] devtmpfs: initialized
[    0.120057] x86/mm: Memory block size: 128MB
[    0.124135] evm: security.selinux
[    0.128003] evm: security.SMACK64
[    0.129087] evm: security.SMACK64EXEC
[    0.132002] evm: security.SMACK64TRANSMUTE
[    0.133313] evm: security.SMACK64MMAP
[    0.136002] evm: security.apparmor
[    0.140002] evm: security.ima
[    0.144002] evm: security.capability
[    0.148085] clocksource: jiffies: mask: 0xffffffff max_cycles: 0xffffffff, max_idle_ns: 7645041785100000 ns
[    0.152010] futex hash table entries: 512 (order: 3, 32768 bytes)
[    0.156062] pinctrl core: initialized pinctrl subsystem
[    0.161618] RTC time: 19:18:22, date: 05/15/19
[    0.164186] NET: Registered protocol family 16
[    0.165765] audit: initializing netlink subsys (disabled)
[    0.168005] audit: type=2000 audit(1557947904.136:1): state=initialized audit_enabled=0 res=1
[    0.292008] cpuidle: using governor ladder
[    0.296008] cpuidle: using governor menu
[    0.297329] ACPI: bus type PCI registered
[    0.300004] acpiphp: ACPI Hot Plug PCI Controller Driver version: 0.5
[    0.308040] PCI: Using configuration type 1 for base access
[    0.316042] HugeTLB registered 2.00 MiB page size, pre-allocated 0 pages
[    0.320087] ACPI: Added _OSI(Module Device)
[    0.324010] ACPI: Added _OSI(Processor Device)
[    0.328014] ACPI: Added _OSI(3.0 _SCP Extensions)
[    0.329207] ACPI: Added _OSI(Processor Aggregator Device)
[    0.332005] ACPI: Added _OSI(Linux-Dell-Video)
[    0.333364] ACPI: Added _OSI(Linux-Lenovo-NV-HDMI-Audio)
[    0.336007] ACPI: Added _OSI(Linux-HPI-Hybrid-Graphics)
[    0.337957] ACPI: Executed 1 blocks of module-level executable AML code
[    0.343065] ACPI: Interpreter enabled
[    0.344015] ACPI: (supports S0 S5)
[    0.345131] ACPI: Using IOAPIC for interrupt routing
[    0.346957] PCI: Using host bridge windows from ACPI; if necessary, use "pci=nocrs" and report a bug
[    0.348249] ACPI: Enabled 2 GPEs in block 00 to 07
[    0.360689] ACPI: PCI Root Bridge [PCI0] (domain 0000 [bus 00-ff])
[    0.364047] acpi PNP0A03:00: _OSC: OS supports [ASPM ClockPM Segments MSI]
[    0.368067] acpi PNP0A03:00: _OSC: not requesting OS control; OS requires [ExtendedConfig ASPM ClockPM MSI]
[    0.372020] acpi PNP0A03:00: fail to add MMCONFIG information, can't access extended PCI configuration space under this bridge.
[    0.380800] PCI host bridge to bus 0000:00
[    0.383084] pci_bus 0000:00: root bus resource [io  0x0000-0x0cf7 window]
[    0.384006] pci_bus 0000:00: root bus resource [io  0x0d00-0xffff window]
[    0.388005] pci_bus 0000:00: root bus resource [mem 0x000a0000-0x000bffff window]
[    0.392005] pci_bus 0000:00: root bus resource [mem 0x40000000-0xfdffffff window]
[    0.396006] pci_bus 0000:00: root bus resource [bus 00-ff]
[    0.407722] pci 0000:00:01.1: legacy IDE quirk: reg 0x10: [io  0x01f0-0x01f7]
[    0.408006] pci 0000:00:01.1: legacy IDE quirk: reg 0x14: [io  0x03f6]
[    0.412008] pci 0000:00:01.1: legacy IDE quirk: reg 0x18: [io  0x0170-0x0177]
[    0.416009] pci 0000:00:01.1: legacy IDE quirk: reg 0x1c: [io  0x0376]
[    0.438828] pci 0000:00:07.0: quirk: [io  0x4000-0x403f] claimed by PIIX4 ACPI
[    0.440025] pci 0000:00:07.0: quirk: [io  0x4100-0x410f] claimed by PIIX4 SMB
[    0.456007] ACPI: PCI Interrupt Link [LNKA] (IRQs 5 9 10 *11)
[    0.458290] ACPI: PCI Interrupt Link [LNKB] (IRQs 5 9 *10 11)
[    0.460157] ACPI: PCI Interrupt Link [LNKC] (IRQs 5 *9 10 11)
[    0.464157] ACPI: PCI Interrupt Link [LNKD] (IRQs 5 9 10 *11)
[    0.468464] SCSI subsystem initialized
[    0.472061] pci 0000:00:02.0: vgaarb: setting as boot VGA device
[    0.476000] pci 0000:00:02.0: vgaarb: VGA device added: decodes=io+mem,owns=io+mem,locks=none
[    0.476009] pci 0000:00:02.0: vgaarb: bridge control possible
[    0.477810] vgaarb: loaded
[    0.480049] ACPI: bus type USB registered
[    0.484029] usbcore: registered new interface driver usbfs
[    0.488021] usbcore: registered new interface driver hub
[    0.492032] usbcore: registered new device driver usb
[    0.496066] EDAC MC: Ver: 3.0.0
[    0.500490] PCI: Using ACPI for IRQ routing
[    0.504369] NetLabel: Initializing
[    0.508007] NetLabel:  domain hash size = 128
[    0.512003] NetLabel:  protocols = UNLABELED CIPSOv4 CALIPSO
[    0.513867] NetLabel:  unlabeled traffic allowed by default
[    0.516094] clocksource: Switched to clocksource kvm-clock
[    0.580082] VFS: Disk quotas dquot_6.6.0
[    0.68] S:Dquot-cache hash table entries: 512 (order 0, 4096 bytes)
[    0.7429]ApAror AppArmor Filesystem Enabled
[    0.907074] pnp: PnP ACPI init
[   .9953]pnp: PnP ACPI: found 3 devices

[    1.030510] clocksource: acpi_pm: mask: 0xffffff max_cycles: 0xffffff, max_idle_ns: 2085701024 ns
[    1.034521] NET: Registered potocol family 2

[    1.083313] TCP established hash table entries: 812 orer4,5536 bytes)
[    1.254507] TCP bind hash table entries: 8192 (order: 5, 131072 bytes)
[    1.256682] TCP: Hash tables configured (establshed19 bnd812)
[   1.3226 UP as tbl etres 52 orer 2 16384 bytes)
[    1.800246] UDP-Lite hash table entries: 512 (order: 2, 16384 bytes)
[    1.802162] NET: Registered protocol family 1
[    1.803488] pci 0000:00:00.0: Limiting direct PCI/PCI transfers
[    1.805334] pci 0000:00:01.0: Activating ISA DMA hang workarounds
[    1.807194] pci 0000:00:02.0: Veodeice with adwe RM t me 000c0000-0x000dffff]

[    2.123121] Unpacking initramfs...
[    2.430416] Freeing initrd memory: 19536K
[    2.455290] platform rtc_cmos: registered platform RTC device (no PNP device found)
[    2.467390] Scanning for low memory corruption every 60 seconds
[    2.541824] Initialise system trusted keyrings
[    2.586054] Key type blacklist registered
[    2.638193] workingset: timestamp_bits=36 max_order=18 bucket_order=0
[    2.646659] zbud: loaded
[    2.648123] squashfs: version 4.0 (2009/01/31) Phillip Lougher
[    2.655916] fuse init (API version 7.26)
[    2.680737] Key type asymmetric registered
[    2.681837] Asymmetric key parser 'x509' registered
[    2.683139] Block layer SCSI generic (bsg) driver version 0.4 loaded (major 246)
[    2.685198] io scheduler noop registered
[    2.725573] io scheduler deadline registered
[    2.726968] io scheduler cfq registered (default)
[    2.738548] ACPI: AC Adapter [AC] (on-line)
[    2.750990] input: Power Button as /devices/LNXSYSTM:00/LNXPWRBN:00/input/input0
[    2.790572] ACPI: Power Button [PWRF]
[    2.797711] input: Sleep Button as /devices/LNXSYSTM:00/LNXSLPBN:00/input/input1
[    2.800042] ACPI: Sleep Button [SLPF]
[    2.820183] Serial: 8250/16550 driver, 32 ports, IRQ sharing enabled
[    2.820255] ACPI: Battery Slot [BAT0] (battery present)
[    2.921754] 00:02: ttyS0 at I/O 0x3f8 (irq = 4, base_baud = 115200) is a 16550A
[    3.008149] Linux agpgart interface v0.103
[    3.108318] loop: module loaded
[    3.163985] scsi host0: ata_piix
[    3.170428] scsi host1: ata_piix
[    3.212559] ata1: PATA max UDMA/33 cmd 0x1f0 ctl 0x3f6 bmdma 0xd000 irq 14
[    3.215975] ata2: PATA max UDMA/33 cmd 0x170 ctl 0x376 bmdma 0xd008 irq 15
[    3.217967] libphy: Fixed MDIO Bus: probed
[    3.219211] tun: Universal TUN/TAP device driver, 1.6
[    3.220573] PPP generic driver version 2.4.2
[    3.222053] ehci_hcd: USB 2.0 'Enhanced' Host Controller (EHCI) Driver
[    3.224132] ehci-pci: EHCI PCI platform driver
[    3.225649] ehci-platform: EHCI generic platform driver
[    3.227225] ohci_hcd: USB 1.1 'Open' Host Controller (OHCI) Driver
[    3.228823] ohci-pci: OHCI PCI platform driver
[    3.230006] ohci-platform: OHCI generic platform driver
[    3.231438] uhci_hcd: USB Universal Host Controller Interface driver
[    3.238892] i8042: PNP: PS/2 Controller [PNP0303:PS2K,PNP0f03:PS2M] at 0x60,0x64 irq 1,12
[    3.243438] serio: i8042 KBD port at 0x60,0x64 irq 1
[    3.247127] serio: i8042 AUX port at 0x60,0x64 irq 12
[    3.249590] mousedev: PS/2 mouse device common for all mice
[    3.254374] input: AT Translated Set 2 keyboard as /devices/platform/i8042/serio0/input/input2
[    3.260556] rtc_cmos rtc_cmos: rtc core: registered rtc_cmos as rtc0
[    3.263918] rtc_cmos rtc_cmos: alarms up to one day, 114 bytes nvram
[    3.270159] i2c /dev entries driver
[    3.271801] pcie_mp2_amd: AMD(R) PCI-E MP2 Communication Driver Version: 1.0
[    3.277131] device-mapper: uevent: version 1.0.3
[    3.279846] device-mapper: ioctl: 4.37.0-ioctl (2017-09-20) initialised: dm-devel@redhat.com
[    3.283801] ledtrig-cpu: registered to indicate activity on CPUs
[    3.291749] NET: Registered protocol family 10
[    3.311023] Segment Routing with IPv6
[    3.313530] NET: Registered protocol family 17
[    3.323696] Key type dns_resolver registered
[    3.369964] RAS: Correctable Errors collector initialized.
[    3.394679] sched_clock: Marking stable (3394535624, 0)->(8609530224, -5214994600)
[    3.430559] registered taskstats version 1
[    3.442897] Loading compiled-in X.509 certificates
[    3.462357] Loaded X.509 cert 'Build time autogenerated kernel key: e7056c016f846647db0f624c10ce588fee742707'
[    3.574976] tsc: Refined TSC clocksource calibration: 3311.622 MHz
[    3.576107] zswap: loaded using pool lzo/zbud
[    3.578212] clocksource: tsc: mask: 0xffffffffffffffff max_cycles: 0x2fbc2f577e6, max_idle_ns: 440795365942 ns
[    3.584065] Key type big_key registered
[    3.656765] Key type trusted registered
[    3.726631] Key type encrypted registered
[    3.777467] AppArmor: AppArmor sha1 policy hashing enabled
[    3.858995] ima: No TPM chip found, activating TPM-bypass! (rc=-19)
[    3.868773] ima: Allocated hash algorithm: sha1
[    3.870240] evm: HMAC attrs: 0x1
[    3.871686]   Magic number: 3:408:344
[    3.872811] tty tty61: hash matches
[    3.873814] rtc_cmos rtc_cmos: setting system clock to 2019-05-15 19:18:26 UTC (1557947906)
[    3.876119] BIOS EDD facility v0.16 2004-Jun-25, 0 devices found
[    3.947722] EDD information not available.
[    3.991049] Freeing unused kernel image memory: 2408K
[    4.096356] Write protecting the kernel read-only data: 20480k
[    4.245082] Freeing unused kernel image memory: 2008K
[    4.315368] Freeing unused kernel image memory: 1868K
[    4.322002] x86/mm: Checked W+X mappings: passed, no W+X pages found.
[    4.323768] x86/mm: Checking user space page tables
[    4.329883] x86/mm: Checked W+X mappings: passed, no W+X pages found.
Loading, please wait...
starting version 237
[    4.434299] e1000: Intel(R) PRO/1000 Network Driver - version 7.3.21-k8-NAPI
[    4.436579] e1000: Copyright (c) 1999-2006 Intel Corporation.
[    4.440034] Fusion MPT base driver 3.04.20
[    4.441556] Copyright (c) 1999-2008 LSI Corporation
[    4.467524] AVX2 version of gcm_enc/dec engaged.
[    4.468880] AES CTR mode by8 optimization enabled
[    4.472958] vboxvideo: loading out-of-tree module taints kernel.
[    4.477584] Fusion MPT SPI Host driver 3.04.20
[    4.480119] vboxvideo: module verification failed: signature and/or required key missing - tainting kernel
[    4.655561] input: ImExPS/2 Generic Explorer Mouse as /devices/platform/i8042/serio1/input/input4
[    4.875460] e1000 0000:00:03.0 eth0: (PCI:33MHz:32-bit) 02:04:86:c9:98:46
[    4.934619] e1000 0000:00:03.0 eth0: Intel(R) PRO/1000 Network Connection
[    4.992441] mptbase: ioc0: Initiating bringup
[    5.104774] ioc0: LSI53C1030 A0: Capabilities={Initiator}
[    5.467626] scsi host2: ioc0: LSI53C1030 A0, FwRev=00000000h, Ports=1, MaxQ=256, IRQ=20
[    5.645127] scsi 2:0:0:0: Direct-Access     VBOX     HARDDISK         1.0  PQ: 0 ANSI: 5
[    5.646626] [drm] VRAM 01000000
[    5.652362] [TTM] Zone  kernel: Available graphics memory: 504452 kiB
[    5.668931] [TTM] Initializing pool allocator
[    5.675875] [TTM] Initializing DMA pool allocator
[    5.701332] fbcon: vboxdrmfb (fb0) is primary device
[    5.702952] Console: switching to colour frame buffer device 100x37
[    5.762284] vboxvideo 0000:00:02.0: fb0: vboxdrmfb frame buffer device
[    5.776503] [drm] Initialized vboxvideo 1.0.0 20130823 for 0000:00:02.0 on minor 0
[    5.812190] scsi target2:0:0: Beginning Domain Validation
[    5.858448] scsi target2:0:0: Domain Validation skipping write tests
[    5.859869] scsi target2:0:0: Ending Domain Validation
[    5.861160] scsi target2:0:0: asynchronous
[    5.862910] scsi 2:0:1:0: Direct-Access     VBOX     HARDDISK         1.0  PQ: 0 ANSI: 5
[    6.116151] scsi target2:0:1: Beginning Domain Validation
[    6.118523] random: fast init done
[    6.149721] scsi target2:0:1: Domain Validation skipping write tests
[    6.151134] scsi target2:0:1: Ending Domain Validation
[    6.152590] scsi target2:0:1: asynchronous
[    6.159230] sd 2:0:0:0: Attached scsi generic sg0 type 0
[    6.160853] sd 2:0:0:0: [sda] 20971520 512-byte logical blocks: (10.7 GB/10.0 GiB)
[    6.161511] random: systemd-udevd: uninitialized urandom read (16 bytes read)
[    6.161585] random: systemd-udevd: uninitialized urandom read (16 bytes read)
[    6.161588] random: systemd-udevd: uninitialized urandom read (16 bytes read)
[    6.161641] sd 2:0:1:0: [sdb] 20480 512-byte logical blocks: (10.5 MB/10.0 MiB)
[    6.161752] sd 2:0:1:0: [sdb] Write Protect is off
[    6.161916] sd 2:0:1:0: [sdb] Incomplete mode parameter data
[    6.161918] sd 2:0:1:0: [sdb] Assuming drive cache: write through
[    6.176026] sd 2:0:1:0: Attached scsi generic sg1 type 0
[    6.177785] sd 2:0:0:0: [sda] Write Protect is off
[    6.179525] sd 2:0:0:0: [sda] Incomplete mode parameter data
[    6.181064] sd 2:0:0:0: [sda] Assuming drive cache: write through
[    6.185929]  sda: sda1
[    6.187910] sd 2:0:0:0: [sda] Attached SCSI disk
[    6.193017] sd 2:0:1:0: [sdb] Attached SCSI disk
[    6.280238] e1000 0000:00:08.0 eth1: (PCI:33MHz:32-bit) 08:00:27:01:57:4b
[    6.592650] e1000 0000:00:08.0 eth1: Intel(R) PRO/1000 Network Connection
[    6.600424] e1000 0000:00:03.0 enp0s3: renamed from eth0
[    6.625266] e1000 0000:00:08.0 enp0s8: renamed from eth1
Begin: Loading essential drivers ... [    6.792079] raid6: sse2x1   gen() 11335 MB/s
[    6.844363] raid6: sse2x1   xor()  7693 MB/s
[    6.892259] raid6: sse2x2   gen() 14075 MB/s
[    6.960044] raid6: sse2x2   xor()  9892 MB/s
[    7.012598] raid6: sse2x4   gen() 17291 MB/s
[    7.064199] raid6: sse2x4   xor() 10126 MB/s
[    7.116029] raid6: avx2x1   gen() 24116 MB/s
[    7.200718] raid6: avx2x1   xor() 16954 MB/s
[    7.260136] raid6: avx2x2   gen() 29322 MB/s
[    7.340253] raid6: avx2x2   xor() 18459 MB/s
[    7.436041] raid6: avx2x4   gen() 33582 MB/s
[    7.488226] raid6: avx2x4   xor() 20547 MB/s
[    7.514995] raid6: using algorithm avx2x4 gen() 33582 MB/s
[    7.522824] raid6: .... xor() 20547 MB/s, rmw enabled
[    7.530048] raid6: using avx2x2 recovery algorithm
[    7.540640] xor: automatically using best checksumming function   avx       
[    7.594542] async_tx: api initialized (async)
done.
Begin: Running /scripts/init-premount ... done.
Begin: Mounting root file system ... Begin: Running /scripts/local-top ... done.
Begin: Running /scripts/local-premount ... [    7.710249] Btrfs loaded, crc32c=crc32c-intel
Scanning for Btrfs filesystems
done.
Warning: fsck no[    7.755860] EXT4-fs (sda1): INFO: recovery required on readonly filesystem
t present, so sk[    7.865521] EXT4-fs (sda1): write access will be enabled during recovery
ipping root file system
[    8.134047] EXT4-fs (sda1): recovery complete
[    8.135686] EXT4-fs (sda1): mounted filesystem with ordered data mode. Opts: (null)
done.
Begin: Running /scripts/local-bottom ... done.
Begin: Running /scripts/init-bottom ... done.
[    8.408234] ip_tables: (C) 2000-2006 Netfilter Core Team
[    8.419826] systemd[1]: systemd 237 running in system mode. (+PAM +AUDIT +SELINUX +IMA +APPARMOR +SMACK +SYSVINIT +UTMP +LIBCRYPTSETUP +GCRYPT +GNUTLS +ACL +XZ +LZ4 +SECCOMP +BLKID +ELFUTILS +KMOD -IDN2 +IDN -PCRE2 default-hierarchy=hybrid)
[    8.612236] systemd[1]: Detected virtualization oracle.
[    8.613884] systemd[1]: Detected architecture x86-64.

Welcome to [1mUbuntu 18.04.2 LTS[0m!

[    8.658611] systemd[1]: Set hostname to <ubuntu-bionic>.
[    9.814662] systemd[1]: Created slice User and Session Slice.
[[0;32m  OK  [0m] Created slice User and Session Slice.
[    9.911982] systemd[1]: Set up automount Arbitrary Executable File Formats File System Automount Point.
[[0;32m  OK  [0m] Set up automount Arbitrary Executab…rmats File System Automount Point.
[    9.925767] systemd[1]: Created slice System Slice.
[[0;32m  OK  [0m] Created slice System Slice.
[    9.931514] systemd[1]: Listening on /dev/initctl Compatibility Named Pipe.
[[0;32m  OK  [0m] Listening on /dev/initctl Compatibility Named Pipe.
[   10.597603] systemd[1]: Listening on Device-mapper event daemon FIFOs.
[[0;32m  OK  [0m] Listening on Device-mapper event daemon FIFOs.
[   10.681599] systemd[1]: Reached target Slices.
[[0;32m  OK  [0m] Reached target Slices.
[[0;32m  OK  [0m] Listening on LVM2 poll daemon socket.
[[0;32m  OK  [0m] Listening on Journal Socket.
         Starting Create list of required st…ce nodes for the current kernel...
         Mounting Huge Pages File System...
         Mounting Kernel Debug File System...
         Starting Uncomplicated firewall...
[[0;32m  OK  [0m] Listening on Syslog Socket.
[[0;32m  OK  [0m] Started Forward Password Requests to Wall Directory Watch.
         Starting Remount Root and Kernel File Systems...
[[0;32m  OK  [0m] Listening on Network Service Netlink Socket.
[[0;32m  OK  [0m] Reached target System Time Synchronized.
[[0;32m  OK  [0m] Created slice system-serial\x2dgetty.slice.
[[0;32m  OK  [0m] Listening on udev Control Socket.
[[0;32m  OK  [0m] Listening on[   11.022902] EXT4-fs (sda1): re-mounted. Opts: (null)
 udev Kernel Socket.
         Starting udev Coldplug all Devices...
[[0;32m  OK  [0m] Reached target User and Group Name Lookups.
[[0;32m  OK  [0m] Listening on Journal Socket (/dev/log).
[[0;32m  OK  [0m] Reached target Swap.
         Starting Load Kernel Modules...
[   11.114401] Loading iSCSI transport class v2.0-870.
[[0;32m  OK  [0m] Listening on LVM2 metadata daemon socket.
         Starting Monitoring of LVM2 mirrors…ng dmeventd or progress polling...
         [   11.157864] iscsi: registered transport (tcp)
Mounting POSIX Message Queue File System...
[[0;32m  OK  [0m] Listening on Journal Audit Socket.
         Starting Journal Service...
         Starting Set the console keyboard layout...
[[0;32m  OK  [0m] Started Create list of required sta…vice nodes for the current kernel.
[[0;32m  OK  [0m] Mounted Huge Pages File System.
[[0;32m  OK  [0m] Mounted Kernel Debug File System.
[[0;32m  OK  [0m] Started Uncomplicated firewall.
[[0;32m  OK  [0m] Started Remount Root and Kernel File Systems.
[[0;32m  OK  [0m] Mounted POSIX Message Queue File System.
[[0;32m  OK  [0m] Started Journal Service.
[[0;32m  OK  [0m] Started LVM2 metadata daemon.
         Starting Load/Save Random Seed...
         Starting Flush Journal to Persistent Storage...
         Starting Create Static Device Nodes in /dev...
[[0;32m  OK  [0[   11.278991] random: crng init done
m] Started udev [   11.315705] random: 7 urandom warning(s) missed due to ratelimiting
Coldplug all Devices.
[[0;32m  OK  [0[   11.453517] iscsi: registered transport (iser)
m] Started Load/Save Random Seed.
[[0;32m  OK  [0m] Started Load Kernel Modules.
         Mounting Kernel Configuration File System...
         Starting Apply Kernel Variables...
         Mounting FUSE Control File System...
[[0;32m  OK  [0m] Started Create Static Device Nodes in /dev.
[[0;32m  OK  [0m] Started Monitoring of LVM2 mirrors,…sing dmeventd or progress polling.
[[0;32m  OK  [0m] Mounted Kernel Configuration File System.
[[0;32m  OK  [0m] Mounted FUSE Control File System.
         Starting udev Kernel Device Manager...
[[0;32m  OK  [0m] Started Apply Kernel Variables.
[[0;32m  OK  [0m] Started udev Kernel Device Manager.
[[0;32m  OK  [0m] Started Flush Journal to Persistent Storage.
[[0;32m  OK  [0m] Found device /dev/ttyS0.
[[0;32m  OK  [0m] Listening on Load/Save RF Kill Switch Status /dev/rfkill Watch.
[[0;32m  OK  [0m] Started Set the console keyboard layout.
[[0;32m  OK  [0m] Reached target Local File Systems (Pre).
[[0;32m  OK  [0m] Reached target Local File Systems.
         Starting Tell Plymouth To Write Out Runtime Data...
         Starting ebtables ruleset management...
         Starting Set console font and keymap...
         Starting Create Volatile Files and Directories...
         Starting AppArmor initialization...
[[0;32m  OK  [0m] Started Dispatch Password Requests to Console Directory Watch.
[[0;32m  OK  [0m] Reached target Local Encrypted Volumes.
[[0;32m  OK  [0m] Started Tell Plymouth To Write Out Runtime Data.
[[0;32m  OK  [0m] Started Set console font and keymap.
[[0;32m  OK  [0m] Started Create Volatile Files and Directories.
         Starting Update UTMP about System Boot/Shutdown...
[[0;32m  OK  [0m] Started Update UTMP about System Boot/Shutdown.
[[0;32m  OK  [0m] Started ebtables ruleset management.
[[0;32m  OK  [0m] Started AppArmor initialization.
         Starting Initial cloud-init job (pre-networking)...
[   14.231443] cloud-init[713]: Cloud-init v. 18.5-45-g3554ffe8-0ubuntu1~18.04.1 running 'init-local' at Wed, 15 May 2019 19:18:36 +0000. Up 13.99 seconds.
[[0;32m  OK  [0m] Started Initial cloud-init job (pre-networking).
[[0;32m  OK  [0m] Reached target Network (Pre).
         Starting Network Service...
[[0;32m  OK  [0m] Started Network Service.
         Starting Wait for Network to be Configured...
         Starting Network Name Resolution...
[[0;32m  OK  [0m] Started Network Name Resolution.
[[0;32m  OK  [0m] Reached target Host and Network Name Lookups.
[[0;32m  OK  [0m] Reached target Network.
[[0;32m  OK  [0m] Started Wait for Network to be Configured.
         Starting Initial cloud-init job (metadata service crawler)...
[   16.468651] cloud-init[803]: Cloud-init v. 18.5-45-g3554ffe8-0ubuntu1~18.04.1 running 'init' at Wed, 15 May 2019 19:18:38 +0000. Up 16.33 seconds.
[   16.500666] cloud-init[803]: ci-info: ++++++++++++++++++++++++++++++++++++++Net device info+++++++++++++++++++++++++++++++++++++++
[   16.520520] cloud-init[803]: ci-info: +--------+------+-----------------------------+---------------+--------+-------------------+
[   16.552487] cloud-init[803]: ci-info: | Device |  Up  |           Address           |      Mask     | Scope  |     Hw-Address    |
[   16.560948] cloud-init[803]: ci-info: +--------+------+-----------------------------+---------------+--------+-------------------+
[   16.574480] cloud-init[803]: ci-info: | enp0s3 | True |          10.0.2.15          | 255.255.255.0 | global | 02:04:86:c9:98:46 |
[   16.579234] cloud-init[803]: ci-info: | enp0s3 | True |  fe80::4:86ff:fec9:9846/64  |       .       |  link  | 02:04:86:c9:98:46 |
[   16.584558] cloud-init[803]: ci-info: | enp0s8 | True |        192.168.33.10        | 255.255.255.0 | global | 08:00:27:01:57:4b |
[   16.596580] cloud-init[803]: ci-info: | enp0s8 | True | fe80::a00:27ff:fe01:574b/64 |       .       |  link  | 08:00:27:01:57:4b |
[   16.610415] cloud-init[803]: ci-info: |   lo   | True |          127.0.0.1          |   255.0.0.0   |  host  |         .         |
[   16.620319] cloud-init[803]: ci-info: |   lo   | True |           ::1/128           |       .       |  host  |         .         |
[   16.631329] cloud-init[803]: ci-info: +--------+------+-----------------------------+---------------+--------+-------------------+
[   16.655679] cloud-init[803]: ci-info: +++++++++++++++++++++++++++++Route IPv4 info+++++++++++++++++++++++++++++
[   16.662921] cloud-init[803]: ci-info: +-------+--------------+----------+-----------------+-----------+-------+
[   16.689136] cloud-init[803]: ci-info: | Route | Destination  | Gateway  |     Genmask     | Interface | Flags |
[[0;32m  OK  [0m] Started Initial cloud-init job (metadata service crawler).
[[0;32m  OK  [0m] Reached target Cloud-config availability.
[[0;32m  OK  [0m] Reached target Network is Online.
[   16.764747] cloud-init[803]: ci-info: +-------+--------------+----------+-----------------+-----------+-------+
         Starting Availability of block devices...
[[0;32m  OK  [0m] Reached target Remote File Systems (Pre).
[[0;32m  OK  [0m] Reached target Remote File Systems.
[[0;32m  OK  [0m] Reached target System Initialization.
[   16.851379] cloud-init[803]: ci-info: |   0   |   0.0.0.0    | 10.0.2.2 |     0.0.0.0     |   enp0s3  |   UG  |
[   17.045151] cloud-init[803]: ci-info: |   1   |   10.0.2.0   | 0.0.0.0  |  255.255.255.0  |   enp0s3  |   U   |
[   17.105026] cloud-init[803]: ci-info: |   2   |   10.0.2.2   | 0.0.0.0  | 255.255.255.255 |   enp0s3  |   UH  |
[   17.161673] cloud-init[803]: ci-info: |   3   | 192.168.33.0 | 0.0.0.0  |  255.255.255.0  |   enp0s8  |   U   |
[   17.236841] cloud-init[803]: ci-info: +-------+--------------+----------+-----------------+-----------+-------+
[   17.282105] cloud-init[803]: ci-info: +++++++++++++++++++Route IPv6 info+++++++++++++++++++
[[0;32m  OK  [0m] Started Message of the Day.
[[0;32m  OK  [0m] Started Daily apt download activities.
         Starting LXD - unix socket.
[[0;32m  OK  [0m] Started Daily apt upgrade and clean activities.
[   17.339926] cloud-init[803]: ci-info: +-------+-------------+---------+-----------+-------+
[[0;32m  OK  [0m] Started ACPI Events Check.
[[0;32m  OK  [0m] Listening on ACPID Listen Socket.
[[0;32m  OK  [0m] Listening on UUID daemon activation socket.
[[0;32m  OK  [0m] Reached target Paths.
[[0;32m  OK  [0m] Listening on Open-iSCSI iscsid Socket.
[[0;32m  OK  [0m] Started Discard unused blocks once a week.
[[0;32m  OK  [0m] Started Daily Cleanup of Temporary Directories.
[   17.481989] cloud-init[803]: ci-info: | Route | Destination | Gateway | Interface | Flags |
[   17.700102] [[0;32m  OK  [0m] Reached target Timers.
         Starting Socket activation for snappy daemon.
[[0;32m  OK  [0m] Listening on D-Bus System Message Bus Socket.
cloud-init[803]: ci-info: +-------+-------------+---------+-----------+-------+
[   17.708893] cloud-init[803]: ci-info: |   1   |  fe80::/64  |    ::   |   enp0s8  |   U   |
[[0;32m  OK  [0m] Started Availability of block devices.
[[0;32m  OK  [0m] Listening on LXD - unix socket.
[[0;32m  OK  [0m] Listening on Socket activation for snappy daemon.
[   17.730949] cloud-init[803]: ci-info: |   2   |  fe80::/64  |    ::   |   enp0s3  |   U   |
[[0;32m  OK  [0m] Reached target Sockets.[   17.762826] cloud-init[803]: ci-info: |   4   |    local    |    ::   |   enp0s3  |   U   |
[   17.765913] cloud-init[803]: ci-info: |   5   |    local    |    ::   |   enp0s8  |   U   |

[   17.766452] cloud-init[803]: ci-info: |   6   |   ff00::/8  |    ::   |   enp0s8  |   U   |
[   17.780328] cloud-init[[803]: [0;32m  OK  [0mci-info: |   7   |   ff00::/8  |    ::   |   enp0s3  |   U   |] 
Reached target Basic System.
         Starting LSB: automatic crash report generation...
[   17.807324] cloud-init[803]: ci-info: +-------+-------------+---------+-----------+-------+
         Starting vboxadd.service...
         Starting Dispatcher daemon for systemd-networkd...
         Starting LXD - container startup/shutdown...
[[0;32m  OK  [0m] Started Deferred execution scheduler.
         Starting System Logging Service...
         Starting Snappy daemon...
[[0;32m  OK  [0m] Started FUSE filesystem for LXC.
[[0;32m  OK  [0m] Started D-Bus System Message Bus.
[[0;32m  OK  [0m] Started irqbalance daemon.
         Starting OpenBSD Secure Shell server...
         Starting LSB: Record successful boot for GRUB...
         Starting Permit User Sessions...
         Starting Login Service...
         Starting Accounts Service...
[[0;32m  OK  [0m] Started Regular background program processing daemon.
[[0;32m  OK  [0m] Started System Logging Service.
[[0;32m  OK  [0m] Started Dispatcher daemon for systemd-networkd.
[[0;32m  OK  [0m] Started LXD - container startup/shutdown.
[[0;32m  OK  [0m] Started Permit User Sessions.
[[0;32m  OK  [0m] Started Login Service.
[[0;32m  OK  [0m] Started Unattended Upgrades Shutdown.
         Starting Terminate Plymouth Boot Screen...
         Starting Hold until boot process finishes up...
[[0;32m  OK  [0m] Started Terminate Plymouth Boot Screen.
[[0;32m  OK  [0m] Started Hold until boot process finishes up.
         Starting Set console scheme...
[[0;32m  OK  [0m] Started Serial Getty on ttyS0.
[[0;32m  OK  [0m] Started Set console scheme.
[[0;32m  OK  [0m] Started LSB: automatic crash report generation.
[[0;32m  OK  [0m] Created slice system-getty.slice.
[[0;32m  OK  [0m] Started Getty on tty1.
[[0;32m  OK  [0m] Reached target Login Prompts.
         Starting Authorization Manager...
[[0;32m  OK  [0m] Started LSB: Record successful boot for GRUB.
[[0;32m  OK  [0m] Started OpenBSD Secure Shell server.
[[0;32m  OK  [0m] Started Authorization Manager.
[[0;32m  OK  [0m] Started Accounts Service.
[[0;32m  OK  [0m] Started vboxadd.service.
         Starting vboxadd-service.service...
[[0;32m  OK  [0m] Started vboxadd-service.service.
[[0;32m  OK  [0m] Started Snappy daemon.
         Starting Wait until snapd is fully seeded...
[[0;32m  OK  [0m] Started Wait until snapd is fully seeded.
[[0;32m  OK  [0m] Reached target Multi-User System.
[[0;32m  OK  [0m] Reached target Graphical Interface.
         Starting Update UTMP about System Runlevel Changes...
         Starting Apply the settings specified in cloud-config...
[[0;32m  OK  [0m] Started Update UTMP about System Runlevel Changes.
[   20.133822] cloud-init[1357]: Cloud-init v. 18.5-45-g3554ffe8-0ubuntu1~18.04.1 running 'modules:config' at Wed, 15 May 2019 19:18:42 +0000. Up 20.03 seconds.
[[0;32m  OK  [0m] Started Apply the settings specified in cloud-config.
         Starting Execute cloud user/final scripts...
[   20.651279] cloud-init[1410]: Cloud-init v. 18.5-45-g3554ffe8-0ubuntu1~18.04.1 running 'modules:final' at Wed, 15 May 2019 19:18:43 +0000. Up 20.55 seconds.
[   20.655508] cloud-init[1410]: Cloud-init v. 18.5-45-g3554ffe8-0ubuntu1~18.04.1 finished at Wed, 15 May 2019 19:18:43 +0000. Datasource DataSourceNoCloud [seed=/dev/sdb][dsmode=net].  Up 20.64 seconds
[[0;32m  OK  [0m] Started Execute cloud user/final scripts.
[[0;32m  OK  [0m] Reached target Cloud-init target.

Ubuntu 18.04.2 LTS ubuntu-bionic ttyS0

ubuntu-bionic login: 